0 info it worked if it ends with ok
1 verbose cli [ 'C:\\nodejs\\node.exe',
1 verbose cli   'C:\\nodejs\\node_modules\\npm\\bin\\npm-cli.js',
1 verbose cli   'install',
1 verbose cli   '--save',
1 verbose cli   'angular-br-filters' ]
2 info using npm@2.15.5
3 info using node@v4.4.5
4 verbose install initial load of C:\Users\vinicius\Documents\GitHub\EstreMonitoramento\package.json
5 verbose installManyTop reading scoped package data from C:\Users\vinicius\Documents\GitHub\EstreMonitoramento\node_modules\angular-i18n\package.json
6 verbose installManyTop reading scoped package data from C:\Users\vinicius\Documents\GitHub\EstreMonitoramento\node_modules\angular-input-masks\package.json
7 verbose installManyTop reading scoped package data from C:\Users\vinicius\Documents\GitHub\EstreMonitoramento\node_modules\bcrypt\package.json
8 verbose installManyTop reading scoped package data from C:\Users\vinicius\Documents\GitHub\EstreMonitoramento\node_modules\connect-ensure-login\package.json
9 verbose installManyTop reading scoped package data from C:\Users\vinicius\Documents\GitHub\EstreMonitoramento\node_modules\crypto\package.json
10 verbose installManyTop reading scoped package data from C:\Users\vinicius\Documents\GitHub\EstreMonitoramento\node_modules\ejs\package.json
11 verbose installManyTop reading scoped package data from C:\Users\vinicius\Documents\GitHub\EstreMonitoramento\node_modules\express\package.json
12 verbose installManyTop reading scoped package data from C:\Users\vinicius\Documents\GitHub\EstreMonitoramento\node_modules\grunt\package.json
13 verbose installManyTop reading scoped package data from C:\Users\vinicius\Documents\GitHub\EstreMonitoramento\node_modules\grunt-contrib-clean\package.json
14 verbose installManyTop reading scoped package data from C:\Users\vinicius\Documents\GitHub\EstreMonitoramento\node_modules\grunt-contrib-coffee\package.json
15 verbose installManyTop reading scoped package data from C:\Users\vinicius\Documents\GitHub\EstreMonitoramento\node_modules\grunt-contrib-concat\package.json
16 verbose installManyTop reading scoped package data from C:\Users\vinicius\Documents\GitHub\EstreMonitoramento\node_modules\grunt-contrib-copy\package.json
17 verbose installManyTop reading scoped package data from C:\Users\vinicius\Documents\GitHub\EstreMonitoramento\node_modules\grunt-contrib-cssmin\package.json
18 verbose installManyTop reading scoped package data from C:\Users\vinicius\Documents\GitHub\EstreMonitoramento\node_modules\grunt-contrib-jst\package.json
19 verbose installManyTop reading scoped package data from C:\Users\vinicius\Documents\GitHub\EstreMonitoramento\node_modules\grunt-contrib-less\package.json
20 verbose installManyTop reading scoped package data from C:\Users\vinicius\Documents\GitHub\EstreMonitoramento\node_modules\grunt-contrib-uglify\package.json
21 verbose installManyTop reading scoped package data from C:\Users\vinicius\Documents\GitHub\EstreMonitoramento\node_modules\grunt-contrib-watch\package.json
22 verbose installManyTop reading scoped package data from C:\Users\vinicius\Documents\GitHub\EstreMonitoramento\node_modules\grunt-sails-linker\package.json
23 verbose installManyTop reading scoped package data from C:\Users\vinicius\Documents\GitHub\EstreMonitoramento\node_modules\grunt-sync\package.json
24 verbose installManyTop reading scoped package data from C:\Users\vinicius\Documents\GitHub\EstreMonitoramento\node_modules\include-all\package.json
25 verbose installManyTop reading scoped package data from C:\Users\vinicius\Documents\GitHub\EstreMonitoramento\node_modules\machinepack-gravatar\package.json
26 verbose installManyTop reading scoped package data from C:\Users\vinicius\Documents\GitHub\EstreMonitoramento\node_modules\machinepack-passwords\package.json
27 verbose installManyTop reading scoped package data from C:\Users\vinicius\Documents\GitHub\EstreMonitoramento\node_modules\mkdirp\package.json
28 verbose installManyTop reading scoped package data from C:\Users\vinicius\Documents\GitHub\EstreMonitoramento\node_modules\moment\package.json
29 verbose installManyTop reading scoped package data from C:\Users\vinicius\Documents\GitHub\EstreMonitoramento\node_modules\oauth2orize\package.json
30 verbose installManyTop reading scoped package data from C:\Users\vinicius\Documents\GitHub\EstreMonitoramento\node_modules\passport\package.json
31 verbose installManyTop reading scoped package data from C:\Users\vinicius\Documents\GitHub\EstreMonitoramento\node_modules\passport-http\package.json
32 verbose installManyTop reading scoped package data from C:\Users\vinicius\Documents\GitHub\EstreMonitoramento\node_modules\passport-http-bearer\package.json
33 verbose installManyTop reading scoped package data from C:\Users\vinicius\Documents\GitHub\EstreMonitoramento\node_modules\passport-local\package.json
34 verbose installManyTop reading scoped package data from C:\Users\vinicius\Documents\GitHub\EstreMonitoramento\node_modules\passport-oauth2-client-password\package.json
35 verbose installManyTop reading scoped package data from C:\Users\vinicius\Documents\GitHub\EstreMonitoramento\node_modules\rc\package.json
36 verbose installManyTop reading scoped package data from C:\Users\vinicius\Documents\GitHub\EstreMonitoramento\node_modules\sails\package.json
37 verbose installManyTop reading scoped package data from C:\Users\vinicius\Documents\GitHub\EstreMonitoramento\node_modules\sails-disk\package.json
38 verbose installManyTop reading scoped package data from C:\Users\vinicius\Documents\GitHub\EstreMonitoramento\node_modules\sails-hook-blueprint-count\package.json
39 verbose installManyTop reading scoped package data from C:\Users\vinicius\Documents\GitHub\EstreMonitoramento\node_modules\sails-mongo\package.json
40 verbose installManyTop reading scoped package data from C:\Users\vinicius\Documents\GitHub\EstreMonitoramento\node_modules\save\package.json
41 verbose installManyTop reading scoped package data from C:\Users\vinicius\Documents\GitHub\EstreMonitoramento\node_modules\shortid\package.json
42 info package.json connect-ensure-login@0.1.1 No license field.
43 info package.json crypto@0.0.3 crypto is also the name of a node core module.
44 info package.json crypto@0.0.3 No license field.
45 info package.json ejs@0.8.8 No license field.
46 info package.json grunt-contrib-clean@0.5.0 No license field.
47 info package.json grunt-contrib-coffee@0.10.1 No license field.
48 info package.json grunt-contrib-concat@0.3.0 No license field.
49 info package.json grunt-contrib-jst@0.6.0 No license field.
50 info package.json grunt-contrib-copy@0.5.0 No license field.
51 info package.json grunt-contrib-cssmin@0.9.0 No license field.
52 info package.json grunt-contrib-uglify@0.4.1 No license field.
53 info package.json grunt-contrib-watch@0.5.3 No license field.
54 info package.json grunt-contrib-less@0.11.1 No license field.
55 info package.json grunt-sync@0.0.8 No license field.
56 info package.json passport-http@0.3.0 No license field.
57 info package.json passport-oauth2-client-password@0.1.2 No license field.
58 info package.json passport-local@1.0.0 No license field.
59 info package.json passport-http-bearer@1.0.1 No license field.
60 info package.json rc@0.5.5 No license field.
61 info package.json sails@0.11.5 No license field.
62 info package.json grunt@0.4.2 No license field.
63 verbose readDependencies loading dependencies from C:\Users\vinicius\Documents\GitHub\EstreMonitoramento\package.json
64 silly cache add args [ 'angular-br-filters', null ]
65 verbose cache add spec angular-br-filters
66 silly cache add parsed spec Result {
66 silly cache add   raw: 'angular-br-filters',
66 silly cache add   scope: null,
66 silly cache add   name: 'angular-br-filters',
66 silly cache add   rawSpec: '',
66 silly cache add   spec: 'latest',
66 silly cache add   type: 'tag' }
67 silly addNamed angular-br-filters@latest
68 verbose addNamed "latest" is being treated as a dist-tag for angular-br-filters
69 info addNameTag [ 'angular-br-filters', 'latest' ]
70 silly mapToRegistry name angular-br-filters
71 silly mapToRegistry using default registry
72 silly mapToRegistry registry https://registry.npmjs.org/
73 silly mapToRegistry data Result {
73 silly mapToRegistry   raw: 'angular-br-filters',
73 silly mapToRegistry   scope: null,
73 silly mapToRegistry   name: 'angular-br-filters',
73 silly mapToRegistry   rawSpec: '',
73 silly mapToRegistry   spec: 'latest',
73 silly mapToRegistry   type: 'tag' }
74 silly mapToRegistry uri https://registry.npmjs.org/angular-br-filters
75 verbose addNameTag registry:https://registry.npmjs.org/angular-br-filters not in flight; fetching
76 verbose request uri https://registry.npmjs.org/angular-br-filters
77 verbose request no auth needed
78 info attempt registry request try #1 at 12:56:49
79 verbose request id f8173d803dac7824
80 verbose etag "ECBM86TAYKWCT9WDMADVDTHCI"
81 http request GET https://registry.npmjs.org/angular-br-filters
82 http 304 https://registry.npmjs.org/angular-br-filters
83 verbose headers { date: 'Tue, 05 Jul 2016 15:56:52 GMT',
83 verbose headers   via: '1.1 varnish',
83 verbose headers   'cache-control': 'max-age=300',
83 verbose headers   etag: '"ECBM86TAYKWCT9WDMADVDTHCI"',
83 verbose headers   age: '0',
83 verbose headers   connection: 'keep-alive',
83 verbose headers   'x-served-by': 'cache-iad2644-IAD',
83 verbose headers   'x-cache': 'HIT',
83 verbose headers   'x-cache-hits': '1',
83 verbose headers   'x-timer': 'S1467734212.077411,VS0,VE99',
83 verbose headers   vary: 'Accept-Encoding' }
84 silly get cb [ 304,
84 silly get   { date: 'Tue, 05 Jul 2016 15:56:52 GMT',
84 silly get     via: '1.1 varnish',
84 silly get     'cache-control': 'max-age=300',
84 silly get     etag: '"ECBM86TAYKWCT9WDMADVDTHCI"',
84 silly get     age: '0',
84 silly get     connection: 'keep-alive',
84 silly get     'x-served-by': 'cache-iad2644-IAD',
84 silly get     'x-cache': 'HIT',
84 silly get     'x-cache-hits': '1',
84 silly get     'x-timer': 'S1467734212.077411,VS0,VE99',
84 silly get     vary: 'Accept-Encoding' } ]
85 verbose etag https://registry.npmjs.org/angular-br-filters from cache
86 verbose get saving angular-br-filters to C:\Users\vinicius\AppData\Roaming\npm-cache\registry.npmjs.org\angular-br-filters\.cache.json
87 verbose correctMkdir C:\Users\vinicius\AppData\Roaming\npm-cache correctMkdir not in flight; initializing
88 silly addNameTag next cb for angular-br-filters with tag latest
89 silly addNamed angular-br-filters@0.6.0
90 verbose addNamed "0.6.0" is a plain semver version for angular-br-filters
91 silly cache afterAdd angular-br-filters@0.6.0
92 verbose afterAdd C:\Users\vinicius\AppData\Roaming\npm-cache\angular-br-filters\0.6.0\package\package.json not in flight; writing
93 verbose correctMkdir C:\Users\vinicius\AppData\Roaming\npm-cache correctMkdir not in flight; initializing
94 verbose afterAdd C:\Users\vinicius\AppData\Roaming\npm-cache\angular-br-filters\0.6.0\package\package.json written
95 silly install resolved [ { name: 'angular-br-filters',
95 silly install resolved     version: '0.6.0',
95 silly install resolved     description: 'An Angular library of masks applicable to several Brazilian data.',
95 silly install resolved     main: 'src/filters.js',
95 silly install resolved     scripts:
95 silly install resolved      { test: 'gulp test',
95 silly install resolved        postinstall: 'bower install',
95 silly install resolved        postupdate: 'bower update' },
95 silly install resolved     repository:
95 silly install resolved      { type: 'git',
95 silly install resolved        url: 'git+https://github.com/the-darc/angular-br-filters.git' },
95 silly install resolved     keywords: [ 'angular', 'filters', 'cpnj', 'cpf', 'cep', 'phone-number' ],
95 silly install resolved     authors:
95 silly install resolved      [ 'Igor Rafael <igor.rafael@gmail.com>',
95 silly install resolved        'Daniel Campos <darc.tec@gmail.com>' ],
95 silly install resolved     license: 'MIT',
95 silly install resolved     bugs: { url: 'https://github.com/the-darc/angular-br-filters/issues' },
95 silly install resolved     homepage: 'https://github.com/the-darc/angular-br-filters',
95 silly install resolved     dependencies: { 'br-masks': '^0.4.0' },
95 silly install resolved     devDependencies:
95 silly install resolved      { angular: '^1.3.15',
95 silly install resolved        'angular-mocks': '^1.3.15',
95 silly install resolved        browserify: '^11.0.1',
95 silly install resolved        'browserify-istanbul': '^0.2.1',
95 silly install resolved        'conventional-changelog': '0.0.17',
95 silly install resolved        gulp: '^3.8.8',
95 silly install resolved        'gulp-concat': '^2.6.0',
95 silly install resolved        'gulp-footer': '^1.0.5',
95 silly install resolved        'gulp-header': '^1.1.1',
95 silly install resolved        'gulp-jshint': '^1.9.0',
95 silly install resolved        'gulp-load-plugins': '^0.6.0',
95 silly install resolved        'gulp-rename': '^1.2.2',
95 silly install resolved        'gulp-uglify': '^1.0.1',
95 silly install resolved        'jasmine-core': '^2.3.2',
95 silly install resolved        'jshint-stylish': '^1.0.0',
95 silly install resolved        karma: '^0.12.31',
95 silly install resolved        'karma-browserify': '^4.3.0',
95 silly install resolved        'karma-chrome-launcher': '^0.1.10',
95 silly install resolved        'karma-coverage': '^0.3.1',
95 silly install resolved        'karma-coveralls': '^0.1.5',
95 silly install resolved        'karma-jasmine': '^0.3.5',
95 silly install resolved        'vinyl-buffer': '^1.0.0',
95 silly install resolved        'vinyl-source-stream': '^1.1.0' },
95 silly install resolved     gitHead: '3a17d9e2c776d8ce353073ebbd615bdbbdc991f6',
95 silly install resolved     _id: 'angular-br-filters@0.6.0',
95 silly install resolved     _shasum: '146f3a4f55fde75977917895deb07dae991e767c',
95 silly install resolved     _from: 'angular-br-filters@latest',
95 silly install resolved     _npmVersion: '2.14.18',
95 silly install resolved     _nodeVersion: '4.3.1',
95 silly install resolved     _npmUser: { name: 'the-darc', email: 'darc.tec@gmail.com' },
95 silly install resolved     dist:
95 silly install resolved      { shasum: '146f3a4f55fde75977917895deb07dae991e767c',
95 silly install resolved        tarball: 'https://registry.npmjs.org/angular-br-filters/-/angular-br-filters-0.6.0.tgz' },
95 silly install resolved     maintainers: [ [Object] ],
95 silly install resolved     _npmOperationalInternal:
95 silly install resolved      { host: 'packages-13-west.internal.npmjs.com',
95 silly install resolved        tmp: 'tmp/angular-br-filters-0.6.0.tgz_1457289299320_0.7685451067518443' },
95 silly install resolved     directories: {},
95 silly install resolved     _resolved: 'https://registry.npmjs.org/angular-br-filters/-/angular-br-filters-0.6.0.tgz',
95 silly install resolved     readme: 'ERROR: No README data found!' } ]
96 info install angular-br-filters@0.6.0 into C:\Users\vinicius\Documents\GitHub\EstreMonitoramento
97 info installOne angular-br-filters@0.6.0
98 verbose installOne of angular-br-filters to C:\Users\vinicius\Documents\GitHub\EstreMonitoramento not in flight; installing
99 verbose correctMkdir C:\Users\vinicius\AppData\Roaming\npm-cache\_locks correctMkdir not in flight; initializing
100 verbose lock using C:\Users\vinicius\AppData\Roaming\npm-cache\_locks\angular-br-filters-155210c528bfa0d6.lock for C:\Users\vinicius\Documents\GitHub\EstreMonitoramento\node_modules\angular-br-filters
101 silly install write writing angular-br-filters 0.6.0 to C:\Users\vinicius\Documents\GitHub\EstreMonitoramento\node_modules\angular-br-filters
102 verbose unbuild node_modules\angular-br-filters
103 silly gentlyRm C:\Users\vinicius\Documents\GitHub\EstreMonitoramento\node_modules\angular-br-filters is being purged from base C:\Users\vinicius\Documents\GitHub\EstreMonitoramento
104 verbose gentlyRm don't care about contents; nuking C:\Users\vinicius\Documents\GitHub\EstreMonitoramento\node_modules\angular-br-filters
105 verbose tar unpack C:\Users\vinicius\AppData\Roaming\npm-cache\angular-br-filters\0.6.0\package.tgz
106 verbose tar unpacking to C:\Users\vinicius\Documents\GitHub\EstreMonitoramento\node_modules\angular-br-filters
107 silly gentlyRm C:\Users\vinicius\Documents\GitHub\EstreMonitoramento\node_modules\angular-br-filters is being purged
108 verbose gentlyRm don't care about contents; nuking C:\Users\vinicius\Documents\GitHub\EstreMonitoramento\node_modules\angular-br-filters
109 silly gunzTarPerm modes [ '777', '666' ]
110 silly gunzTarPerm extractEntry package.json
111 silly gunzTarPerm modified mode [ 'package.json', 420, 438 ]
112 silly gunzTarPerm extractEntry .npmignore
113 silly gunzTarPerm modified mode [ '.npmignore', 420, 438 ]
114 silly gunzTarPerm extractEntry README.md
115 silly gunzTarPerm modified mode [ 'README.md', 420, 438 ]
116 silly gunzTarPerm extractEntry LICENSE
117 silly gunzTarPerm modified mode [ 'LICENSE', 420, 438 ]
118 silly gunzTarPerm extractEntry gulpfile.js
119 silly gunzTarPerm modified mode [ 'gulpfile.js', 420, 438 ]
120 silly gunzTarPerm extractEntry bower.json
121 silly gunzTarPerm modified mode [ 'bower.json', 420, 438 ]
122 silly gunzTarPerm extractEntry .jshintrc
123 silly gunzTarPerm modified mode [ '.jshintrc', 420, 438 ]
124 silly gunzTarPerm extractEntry config/karma.conf.js
125 silly gunzTarPerm modified mode [ 'config/karma.conf.js', 420, 438 ]
126 silly gunzTarPerm extractEntry .travis.yml
127 silly gunzTarPerm modified mode [ '.travis.yml', 420, 438 ]
128 silly gunzTarPerm extractEntry release/angular-br-filters.js
129 silly gunzTarPerm modified mode [ 'release/angular-br-filters.js', 420, 438 ]
130 silly gunzTarPerm extractEntry release/angular-br-filters.min.js
131 silly gunzTarPerm modified mode [ 'release/angular-br-filters.min.js', 420, 438 ]
132 silly gunzTarPerm extractEntry CHANGELOG.md
133 silly gunzTarPerm modified mode [ 'CHANGELOG.md', 420, 438 ]
134 silly gunzTarPerm extractEntry src/filters.js
135 silly gunzTarPerm modified mode [ 'src/filters.js', 420, 438 ]
136 silly gunzTarPerm extractEntry src/filters.test.js
137 silly gunzTarPerm modified mode [ 'src/filters.test.js', 420, 438 ]
138 verbose write writing to C:\Users\vinicius\Documents\GitHub\EstreMonitoramento\node_modules\angular-br-filters\package.json
139 info preinstall angular-br-filters@0.6.0
140 verbose readDependencies loading dependencies from C:\Users\vinicius\Documents\GitHub\EstreMonitoramento\node_modules\angular-br-filters\package.json
141 silly prepareForInstallMany adding br-masks@^0.4.0 from angular-br-filters dependencies
142 verbose readDependencies loading dependencies from C:\Users\vinicius\Documents\GitHub\EstreMonitoramento\node_modules\angular-br-filters\package.json
143 silly cache add args [ 'br-masks@^0.4.0', null ]
144 verbose cache add spec br-masks@^0.4.0
145 silly cache add parsed spec Result {
145 silly cache add   raw: 'br-masks@^0.4.0',
145 silly cache add   scope: null,
145 silly cache add   name: 'br-masks',
145 silly cache add   rawSpec: '^0.4.0',
145 silly cache add   spec: '>=0.4.0 <0.5.0',
145 silly cache add   type: 'range' }
146 silly addNamed br-masks@>=0.4.0 <0.5.0
147 verbose addNamed ">=0.4.0 <0.5.0" is a valid semver range for br-masks
148 silly addNameRange { name: 'br-masks', range: '>=0.4.0 <0.5.0', hasData: false }
149 silly mapToRegistry name br-masks
150 silly mapToRegistry using default registry
151 silly mapToRegistry registry https://registry.npmjs.org/
152 silly mapToRegistry data Result {
152 silly mapToRegistry   raw: 'br-masks',
152 silly mapToRegistry   scope: null,
152 silly mapToRegistry   name: 'br-masks',
152 silly mapToRegistry   rawSpec: '',
152 silly mapToRegistry   spec: 'latest',
152 silly mapToRegistry   type: 'tag' }
153 silly mapToRegistry uri https://registry.npmjs.org/br-masks
154 verbose addNameRange registry:https://registry.npmjs.org/br-masks not in flight; fetching
155 verbose request uri https://registry.npmjs.org/br-masks
156 verbose request no auth needed
157 info attempt registry request try #1 at 12:56:50
158 verbose etag "BFLADJ79Q0U5FYTBA30XP9EF1"
159 http request GET https://registry.npmjs.org/br-masks
160 http 304 https://registry.npmjs.org/br-masks
161 verbose headers { date: 'Tue, 05 Jul 2016 15:56:52 GMT',
161 verbose headers   via: '1.1 varnish',
161 verbose headers   'cache-control': 'max-age=300',
161 verbose headers   etag: '"BFLADJ79Q0U5FYTBA30XP9EF1"',
161 verbose headers   age: '0',
161 verbose headers   connection: 'keep-alive',
161 verbose headers   'x-served-by': 'cache-iad2644-IAD',
161 verbose headers   'x-cache': 'HIT',
161 verbose headers   'x-cache-hits': '1',
161 verbose headers   'x-timer': 'S1467734212.510741,VS0,VE19',
161 verbose headers   vary: 'Accept-Encoding' }
162 silly get cb [ 304,
162 silly get   { date: 'Tue, 05 Jul 2016 15:56:52 GMT',
162 silly get     via: '1.1 varnish',
162 silly get     'cache-control': 'max-age=300',
162 silly get     etag: '"BFLADJ79Q0U5FYTBA30XP9EF1"',
162 silly get     age: '0',
162 silly get     connection: 'keep-alive',
162 silly get     'x-served-by': 'cache-iad2644-IAD',
162 silly get     'x-cache': 'HIT',
162 silly get     'x-cache-hits': '1',
162 silly get     'x-timer': 'S1467734212.510741,VS0,VE19',
162 silly get     vary: 'Accept-Encoding' } ]
163 verbose etag https://registry.npmjs.org/br-masks from cache
164 verbose get saving br-masks to C:\Users\vinicius\AppData\Roaming\npm-cache\registry.npmjs.org\br-masks\.cache.json
165 verbose correctMkdir C:\Users\vinicius\AppData\Roaming\npm-cache correctMkdir not in flight; initializing
166 silly addNameRange number 2 { name: 'br-masks', range: '>=0.4.0 <0.5.0', hasData: true }
167 silly addNameRange versions [ 'br-masks',
167 silly addNameRange   [ '0.1.0',
167 silly addNameRange     '0.1.1',
167 silly addNameRange     '0.2.0',
167 silly addNameRange     '0.2.1',
167 silly addNameRange     '0.2.2',
167 silly addNameRange     '0.3.0',
167 silly addNameRange     '0.3.1',
167 silly addNameRange     '0.3.2',
167 silly addNameRange     '0.3.3',
167 silly addNameRange     '0.4.0',
167 silly addNameRange     '0.4.1' ] ]
168 silly addNamed br-masks@0.4.1
169 verbose addNamed "0.4.1" is a plain semver version for br-masks
170 silly cache afterAdd br-masks@0.4.1
171 verbose afterAdd C:\Users\vinicius\AppData\Roaming\npm-cache\br-masks\0.4.1\package\package.json not in flight; writing
172 verbose correctMkdir C:\Users\vinicius\AppData\Roaming\npm-cache correctMkdir not in flight; initializing
173 verbose afterAdd C:\Users\vinicius\AppData\Roaming\npm-cache\br-masks\0.4.1\package\package.json written
174 silly install resolved [ { name: 'br-masks',
174 silly install resolved     version: '0.4.1',
174 silly install resolved     description: 'A library of masks applicable to several Brazilian data like I.E., CNPJ, CPF and others',
174 silly install resolved     id: '/br-masks',
174 silly install resolved     main: 'releases/br-masks.js',
174 silly install resolved     repository:
174 silly install resolved      { type: 'git',
174 silly install resolved        url: 'git+https://github.com/the-darc/br-masks.git' },
174 silly install resolved     homepage: 'http://github.com/the-darc/br-masks',
174 silly install resolved     bugs: { url: 'https://github.com/the-darc/br-masks/issues' },
174 silly install resolved     scripts: { test: 'gulp test-coverage', postupdate: 'bower update' },
174 silly install resolved     keywords: [ 'masks', 'mascara', 'cpf', 'cnpj', 'inscrição estadual', 'cep' ],
174 silly install resolved     author: { name: 'Daniel Campos', email: 'darc.tec@gmail.com' },
174 silly install resolved     license: 'MIT',
174 silly install resolved     dependencies: { 'string-mask': '^0.2.1' },
174 silly install resolved     devDependencies:
174 silly install resolved      { 'conventional-changelog': '0.0.17',
174 silly install resolved        gulp: '^3.7.0',
174 silly install resolved        'gulp-concat': '^2.3.4',
174 silly install resolved        'gulp-coveralls': '^0.1.4',
174 silly install resolved        'gulp-footer': '^1.0.5',
174 silly install resolved        'gulp-header': '^1.0.5',
174 silly install resolved        'gulp-istanbul': '^0.9.0',
174 silly install resolved        'gulp-jshint': '^1.6.1',
174 silly install resolved        'gulp-load-plugins': '^0.5.3',
174 silly install resolved        'gulp-mocha': '^1.0.0',
174 silly install resolved        'gulp-uglify': '^0.3.2',
174 silly install resolved        'jshint-stylish': '^0.2.0',
174 silly install resolved        should: '^4.0.1' },
174 silly install resolved     gitHead: 'b0133ec039c2a684cd3358a0e488d68dcb795784',
174 silly install resolved     _id: 'br-masks@0.4.1',
174 silly install resolved     _shasum: '1e9ceed1161688f20573e3f5b04be4d96a5d3d47',
174 silly install resolved     _from: 'br-masks@>=0.4.0 <0.5.0',
174 silly install resolved     _npmVersion: '2.12.1',
174 silly install resolved     _nodeVersion: '2.3.4',
174 silly install resolved     _npmUser: { name: 'the-darc', email: 'darc.tec@gmail.com' },
174 silly install resolved     dist:
174 silly install resolved      { shasum: '1e9ceed1161688f20573e3f5b04be4d96a5d3d47',
174 silly install resolved        tarball: 'https://registry.npmjs.org/br-masks/-/br-masks-0.4.1.tgz' },
174 silly install resolved     maintainers: [ [Object] ],
174 silly install resolved     directories: {},
174 silly install resolved     _resolved: 'https://registry.npmjs.org/br-masks/-/br-masks-0.4.1.tgz',
174 silly install resolved     readme: 'ERROR: No README data found!' } ]
175 info install br-masks@0.4.1 into C:\Users\vinicius\Documents\GitHub\EstreMonitoramento\node_modules\angular-br-filters
176 info installOne br-masks@0.4.1
177 verbose installOne of br-masks to C:\Users\vinicius\Documents\GitHub\EstreMonitoramento\node_modules\angular-br-filters not in flight; installing
178 verbose correctMkdir C:\Users\vinicius\AppData\Roaming\npm-cache\_locks correctMkdir not in flight; initializing
179 verbose lock using C:\Users\vinicius\AppData\Roaming\npm-cache\_locks\br-masks-7f71d2353e5075f2.lock for C:\Users\vinicius\Documents\GitHub\EstreMonitoramento\node_modules\angular-br-filters\node_modules\br-masks
180 silly install write writing br-masks 0.4.1 to C:\Users\vinicius\Documents\GitHub\EstreMonitoramento\node_modules\angular-br-filters\node_modules\br-masks
181 verbose unbuild node_modules\angular-br-filters\node_modules\br-masks
182 silly gentlyRm C:\Users\vinicius\Documents\GitHub\EstreMonitoramento\node_modules\angular-br-filters\node_modules\br-masks is being purged from base C:\Users\vinicius\Documents\GitHub\EstreMonitoramento
183 verbose gentlyRm don't care about contents; nuking C:\Users\vinicius\Documents\GitHub\EstreMonitoramento\node_modules\angular-br-filters\node_modules\br-masks
184 verbose tar unpack C:\Users\vinicius\AppData\Roaming\npm-cache\br-masks\0.4.1\package.tgz
185 verbose tar unpacking to C:\Users\vinicius\Documents\GitHub\EstreMonitoramento\node_modules\angular-br-filters\node_modules\br-masks
186 silly gentlyRm C:\Users\vinicius\Documents\GitHub\EstreMonitoramento\node_modules\angular-br-filters\node_modules\br-masks is being purged
187 verbose gentlyRm don't care about contents; nuking C:\Users\vinicius\Documents\GitHub\EstreMonitoramento\node_modules\angular-br-filters\node_modules\br-masks
188 silly gunzTarPerm modes [ '777', '666' ]
189 silly gunzTarPerm extractEntry package.json
190 silly gunzTarPerm modified mode [ 'package.json', 420, 438 ]
191 silly gunzTarPerm extractEntry .npmignore
192 silly gunzTarPerm modified mode [ '.npmignore', 420, 438 ]
193 silly gunzTarPerm extractEntry README.md
194 silly gunzTarPerm modified mode [ 'README.md', 420, 438 ]
195 silly gunzTarPerm extractEntry LICENSE
196 silly gunzTarPerm modified mode [ 'LICENSE', 420, 438 ]
197 silly gunzTarPerm extractEntry gulpfile.js
198 silly gunzTarPerm modified mode [ 'gulpfile.js', 420, 438 ]
199 silly gunzTarPerm extractEntry bower.json
200 silly gunzTarPerm modified mode [ 'bower.json', 420, 438 ]
201 silly gunzTarPerm extractEntry .jshintrc
202 silly gunzTarPerm modified mode [ '.jshintrc', 420, 438 ]
203 silly gunzTarPerm extractEntry .travis.yml
204 silly gunzTarPerm modified mode [ '.travis.yml', 420, 438 ]
205 silly gunzTarPerm extractEntry src/cep.js
206 silly gunzTarPerm modified mode [ 'src/cep.js', 420, 438 ]
207 silly gunzTarPerm extractEntry src/cnpj.js
208 silly gunzTarPerm modified mode [ 'src/cnpj.js', 420, 438 ]
209 silly gunzTarPerm extractEntry src/cpf-cnpj.js
210 silly gunzTarPerm modified mode [ 'src/cpf-cnpj.js', 420, 438 ]
211 silly gunzTarPerm extractEntry src/cpf.js
212 silly gunzTarPerm modified mode [ 'src/cpf.js', 420, 438 ]
213 silly gunzTarPerm extractEntry src/finance.js
214 silly gunzTarPerm modified mode [ 'src/finance.js', 420, 438 ]
215 silly gunzTarPerm extractEntry src/ie.js
216 silly gunzTarPerm modified mode [ 'src/ie.js', 420, 438 ]
217 silly gunzTarPerm extractEntry src/nfe-access-key.js
218 silly gunzTarPerm modified mode [ 'src/nfe-access-key.js', 420, 438 ]
219 silly gunzTarPerm extractEntry src/phone.js
220 silly gunzTarPerm modified mode [ 'src/phone.js', 420, 438 ]
221 silly gunzTarPerm extractEntry CHANGELOG.md
222 silly gunzTarPerm modified mode [ 'CHANGELOG.md', 420, 438 ]
223 silly gunzTarPerm extractEntry releases/br-masks-standalone.js
224 silly gunzTarPerm modified mode [ 'releases/br-masks-standalone.js', 420, 438 ]
225 silly gunzTarPerm extractEntry releases/br-masks-standalone.min.js
226 silly gunzTarPerm modified mode [ 'releases/br-masks-standalone.min.js', 420, 438 ]
227 silly gunzTarPerm extractEntry releases/br-masks.js
228 silly gunzTarPerm modified mode [ 'releases/br-masks.js', 420, 438 ]
229 silly gunzTarPerm extractEntry releases/br-masks.min.js
230 silly gunzTarPerm modified mode [ 'releases/br-masks.min.js', 420, 438 ]
231 silly gunzTarPerm extractEntry test/cep.test.js
232 silly gunzTarPerm modified mode [ 'test/cep.test.js', 420, 438 ]
233 silly gunzTarPerm extractEntry test/cnpj.test.js
234 silly gunzTarPerm modified mode [ 'test/cnpj.test.js', 420, 438 ]
235 silly gunzTarPerm extractEntry test/cpf-cnpj.test.js
236 silly gunzTarPerm modified mode [ 'test/cpf-cnpj.test.js', 420, 438 ]
237 silly gunzTarPerm extractEntry test/cpf.test.js
238 silly gunzTarPerm modified mode [ 'test/cpf.test.js', 420, 438 ]
239 silly gunzTarPerm extractEntry test/finance.test.js
240 silly gunzTarPerm modified mode [ 'test/finance.test.js', 420, 438 ]
241 silly gunzTarPerm extractEntry test/ie.test.js
242 silly gunzTarPerm modified mode [ 'test/ie.test.js', 420, 438 ]
243 silly gunzTarPerm extractEntry test/nfe-access-key.test.js
244 silly gunzTarPerm modified mode [ 'test/nfe-access-key.test.js', 420, 438 ]
245 silly gunzTarPerm extractEntry test/phone.test.js
246 silly gunzTarPerm modified mode [ 'test/phone.test.js', 420, 438 ]
247 verbose write writing to C:\Users\vinicius\Documents\GitHub\EstreMonitoramento\node_modules\angular-br-filters\node_modules\br-masks\package.json
248 info preinstall br-masks@0.4.1
249 verbose readDependencies loading dependencies from C:\Users\vinicius\Documents\GitHub\EstreMonitoramento\node_modules\angular-br-filters\node_modules\br-masks\package.json
250 silly prepareForInstallMany adding string-mask@^0.2.1 from br-masks dependencies
251 verbose readDependencies loading dependencies from C:\Users\vinicius\Documents\GitHub\EstreMonitoramento\node_modules\angular-br-filters\node_modules\br-masks\package.json
252 silly cache add args [ 'string-mask@^0.2.1', null ]
253 verbose cache add spec string-mask@^0.2.1
254 silly cache add parsed spec Result {
254 silly cache add   raw: 'string-mask@^0.2.1',
254 silly cache add   scope: null,
254 silly cache add   name: 'string-mask',
254 silly cache add   rawSpec: '^0.2.1',
254 silly cache add   spec: '>=0.2.1 <0.3.0',
254 silly cache add   type: 'range' }
255 silly addNamed string-mask@>=0.2.1 <0.3.0
256 verbose addNamed ">=0.2.1 <0.3.0" is a valid semver range for string-mask
257 silly addNameRange { name: 'string-mask', range: '>=0.2.1 <0.3.0', hasData: false }
258 silly mapToRegistry name string-mask
259 silly mapToRegistry using default registry
260 silly mapToRegistry registry https://registry.npmjs.org/
261 silly mapToRegistry data Result {
261 silly mapToRegistry   raw: 'string-mask',
261 silly mapToRegistry   scope: null,
261 silly mapToRegistry   name: 'string-mask',
261 silly mapToRegistry   rawSpec: '',
261 silly mapToRegistry   spec: 'latest',
261 silly mapToRegistry   type: 'tag' }
262 silly mapToRegistry uri https://registry.npmjs.org/string-mask
263 verbose addNameRange registry:https://registry.npmjs.org/string-mask not in flight; fetching
264 verbose request uri https://registry.npmjs.org/string-mask
265 verbose request no auth needed
266 info attempt registry request try #1 at 12:56:50
267 verbose etag "AEMZ3KN5WFHAXPX8SOUMV84T6"
268 http request GET https://registry.npmjs.org/string-mask
269 http 304 https://registry.npmjs.org/string-mask
270 verbose headers { date: 'Tue, 05 Jul 2016 15:56:52 GMT',
270 verbose headers   via: '1.1 varnish',
270 verbose headers   'cache-control': 'max-age=300',
270 verbose headers   etag: '"AEMZ3KN5WFHAXPX8SOUMV84T6"',
270 verbose headers   age: '103',
270 verbose headers   connection: 'keep-alive',
270 verbose headers   'x-served-by': 'cache-iad2644-IAD',
270 verbose headers   'x-cache': 'HIT',
270 verbose headers   'x-cache-hits': '1',
270 verbose headers   'x-timer': 'S1467734212.883513,VS0,VE0',
270 verbose headers   vary: 'Accept-Encoding' }
271 silly get cb [ 304,
271 silly get   { date: 'Tue, 05 Jul 2016 15:56:52 GMT',
271 silly get     via: '1.1 varnish',
271 silly get     'cache-control': 'max-age=300',
271 silly get     etag: '"AEMZ3KN5WFHAXPX8SOUMV84T6"',
271 silly get     age: '103',
271 silly get     connection: 'keep-alive',
271 silly get     'x-served-by': 'cache-iad2644-IAD',
271 silly get     'x-cache': 'HIT',
271 silly get     'x-cache-hits': '1',
271 silly get     'x-timer': 'S1467734212.883513,VS0,VE0',
271 silly get     vary: 'Accept-Encoding' } ]
272 verbose etag https://registry.npmjs.org/string-mask from cache
273 verbose get saving string-mask to C:\Users\vinicius\AppData\Roaming\npm-cache\registry.npmjs.org\string-mask\.cache.json
274 verbose correctMkdir C:\Users\vinicius\AppData\Roaming\npm-cache correctMkdir not in flight; initializing
275 silly addNameRange number 2 { name: 'string-mask', range: '>=0.2.1 <0.3.0', hasData: true }
276 silly addNameRange versions [ 'string-mask',
276 silly addNameRange   [ '0.0.0', '0.0.1', '0.1.1', '0.2.0', '0.2.1', '0.3.0' ] ]
277 silly addNamed string-mask@0.2.1
278 verbose addNamed "0.2.1" is a plain semver version for string-mask
279 silly cache afterAdd string-mask@0.2.1
280 verbose afterAdd C:\Users\vinicius\AppData\Roaming\npm-cache\string-mask\0.2.1\package\package.json not in flight; writing
281 verbose correctMkdir C:\Users\vinicius\AppData\Roaming\npm-cache correctMkdir not in flight; initializing
282 verbose afterAdd C:\Users\vinicius\AppData\Roaming\npm-cache\string-mask\0.2.1\package\package.json written
283 silly install resolved [ { name: 'string-mask',
283 silly install resolved     version: '0.2.1',
283 silly install resolved     description: 'A string formatter and validator based on masks',
283 silly install resolved     id: '/string-mask',
283 silly install resolved     main: 'src/string-mask.js',
283 silly install resolved     repository:
283 silly install resolved      { type: 'git',
283 silly install resolved        url: 'git+https://github.com/the-darc/string-mask.git' },
283 silly install resolved     bugs: { url: 'https://github.com/the-darc/string-mask/issues' },
283 silly install resolved     scripts: { test: 'gulp test' },
283 silly install resolved     keywords: [ 'mask', 'formatter', 'string', 'validator', 'validation' ],
283 silly install resolved     author: { name: 'Daniel Campos', email: 'darc.tec@gmail.com' },
283 silly install resolved     license: 'MIT',
283 silly install resolved     dependencies: {},
283 silly install resolved     devDependencies:
283 silly install resolved      { gulp: '^3.7.0',
283 silly install resolved        'gulp-jshint': '^1.6.1',
283 silly install resolved        'gulp-spawn-mocha': '^0.1.4',
283 silly install resolved        'jshint-stylish': '^0.2.0',
283 silly install resolved        should: '^4.0.1' },
283 silly install resolved     gitHead: '6f555714f8e0c282d9e3c958c4b9111ad44febb3',
283 silly install resolved     homepage: 'https://github.com/the-darc/string-mask',
283 silly install resolved     _id: 'string-mask@0.2.1',
283 silly install resolved     _shasum: 'e86ddfc786e56208ba42afc934156d7f36abfbfe',
283 silly install resolved     _from: 'string-mask@>=0.2.1 <0.3.0',
283 silly install resolved     _npmVersion: '2.7.4',
283 silly install resolved     _nodeVersion: '0.10.28',
283 silly install resolved     _npmUser: { name: 'the-darc', email: 'darc.tec@gmail.com' },
283 silly install resolved     maintainers: [ [Object] ],
283 silly install resolved     dist:
283 silly install resolved      { shasum: 'e86ddfc786e56208ba42afc934156d7f36abfbfe',
283 silly install resolved        tarball: 'https://registry.npmjs.org/string-mask/-/string-mask-0.2.1.tgz' },
283 silly install resolved     directories: {},
283 silly install resolved     _resolved: 'https://registry.npmjs.org/string-mask/-/string-mask-0.2.1.tgz',
283 silly install resolved     readme: 'ERROR: No README data found!' } ]
284 info install string-mask@0.2.1 into C:\Users\vinicius\Documents\GitHub\EstreMonitoramento\node_modules\angular-br-filters\node_modules\br-masks
285 info installOne string-mask@0.2.1
286 verbose installOne of string-mask to C:\Users\vinicius\Documents\GitHub\EstreMonitoramento\node_modules\angular-br-filters\node_modules\br-masks not in flight; installing
287 verbose correctMkdir C:\Users\vinicius\AppData\Roaming\npm-cache\_locks correctMkdir not in flight; initializing
288 verbose lock using C:\Users\vinicius\AppData\Roaming\npm-cache\_locks\string-mask-179688a5fb5a6993.lock for C:\Users\vinicius\Documents\GitHub\EstreMonitoramento\node_modules\angular-br-filters\node_modules\br-masks\node_modules\string-mask
289 silly install write writing string-mask 0.2.1 to C:\Users\vinicius\Documents\GitHub\EstreMonitoramento\node_modules\angular-br-filters\node_modules\br-masks\node_modules\string-mask
290 verbose unbuild node_modules\angular-br-filters\node_modules\br-masks\node_modules\string-mask
291 silly gentlyRm C:\Users\vinicius\Documents\GitHub\EstreMonitoramento\node_modules\angular-br-filters\node_modules\br-masks\node_modules\string-mask is being purged from base C:\Users\vinicius\Documents\GitHub\EstreMonitoramento
292 verbose gentlyRm don't care about contents; nuking C:\Users\vinicius\Documents\GitHub\EstreMonitoramento\node_modules\angular-br-filters\node_modules\br-masks\node_modules\string-mask
293 verbose tar unpack C:\Users\vinicius\AppData\Roaming\npm-cache\string-mask\0.2.1\package.tgz
294 verbose tar unpacking to C:\Users\vinicius\Documents\GitHub\EstreMonitoramento\node_modules\angular-br-filters\node_modules\br-masks\node_modules\string-mask
295 silly gentlyRm C:\Users\vinicius\Documents\GitHub\EstreMonitoramento\node_modules\angular-br-filters\node_modules\br-masks\node_modules\string-mask is being purged
296 verbose gentlyRm don't care about contents; nuking C:\Users\vinicius\Documents\GitHub\EstreMonitoramento\node_modules\angular-br-filters\node_modules\br-masks\node_modules\string-mask
297 silly gunzTarPerm modes [ '777', '666' ]
298 silly gunzTarPerm extractEntry package.json
299 silly gunzTarPerm modified mode [ 'package.json', 420, 438 ]
300 silly gunzTarPerm extractEntry .npmignore
301 silly gunzTarPerm modified mode [ '.npmignore', 420, 438 ]
302 silly gunzTarPerm extractEntry README.md
303 silly gunzTarPerm modified mode [ 'README.md', 420, 438 ]
304 silly gunzTarPerm extractEntry LICENSE
305 silly gunzTarPerm modified mode [ 'LICENSE', 420, 438 ]
306 silly gunzTarPerm extractEntry gulpfile.js
307 silly gunzTarPerm modified mode [ 'gulpfile.js', 420, 438 ]
308 silly gunzTarPerm extractEntry bower.json
309 silly gunzTarPerm modified mode [ 'bower.json', 420, 438 ]
310 silly gunzTarPerm extractEntry .jshintrc
311 silly gunzTarPerm modified mode [ '.jshintrc', 420, 438 ]
312 silly gunzTarPerm extractEntry .travis.yml
313 silly gunzTarPerm modified mode [ '.travis.yml', 420, 438 ]
314 silly gunzTarPerm extractEntry src/string-mask.js
315 silly gunzTarPerm modified mode [ 'src/string-mask.js', 420, 438 ]
316 silly gunzTarPerm extractEntry src/string-mask.test.js
317 silly gunzTarPerm modified mode [ 'src/string-mask.test.js', 420, 438 ]
318 verbose write writing to C:\Users\vinicius\Documents\GitHub\EstreMonitoramento\node_modules\angular-br-filters\node_modules\br-masks\node_modules\string-mask\package.json
319 info preinstall string-mask@0.2.1
320 verbose readDependencies loading dependencies from C:\Users\vinicius\Documents\GitHub\EstreMonitoramento\node_modules\angular-br-filters\node_modules\br-masks\node_modules\string-mask\package.json
321 verbose readDependencies loading dependencies from C:\Users\vinicius\Documents\GitHub\EstreMonitoramento\node_modules\angular-br-filters\node_modules\br-masks\node_modules\string-mask\package.json
322 silly install resolved []
323 verbose about to build C:\Users\vinicius\Documents\GitHub\EstreMonitoramento\node_modules\angular-br-filters\node_modules\br-masks\node_modules\string-mask
324 info build C:\Users\vinicius\Documents\GitHub\EstreMonitoramento\node_modules\angular-br-filters\node_modules\br-masks\node_modules\string-mask
325 info linkStuff string-mask@0.2.1
326 silly linkStuff string-mask@0.2.1 has C:\Users\vinicius\Documents\GitHub\EstreMonitoramento\node_modules\angular-br-filters\node_modules\br-masks\node_modules as its parent node_modules
327 verbose linkBins string-mask@0.2.1
328 verbose linkMans string-mask@0.2.1
329 verbose rebuildBundles string-mask@0.2.1
330 info install string-mask@0.2.1
331 info postinstall string-mask@0.2.1
332 verbose unlock done using C:\Users\vinicius\AppData\Roaming\npm-cache\_locks\string-mask-179688a5fb5a6993.lock for C:\Users\vinicius\Documents\GitHub\EstreMonitoramento\node_modules\angular-br-filters\node_modules\br-masks\node_modules\string-mask
333 verbose about to build C:\Users\vinicius\Documents\GitHub\EstreMonitoramento\node_modules\angular-br-filters\node_modules\br-masks
334 info build C:\Users\vinicius\Documents\GitHub\EstreMonitoramento\node_modules\angular-br-filters\node_modules\br-masks
335 info linkStuff br-masks@0.4.1
336 silly linkStuff br-masks@0.4.1 has C:\Users\vinicius\Documents\GitHub\EstreMonitoramento\node_modules\angular-br-filters\node_modules as its parent node_modules
337 verbose linkBins br-masks@0.4.1
338 verbose linkMans br-masks@0.4.1
339 verbose rebuildBundles br-masks@0.4.1
340 verbose rebuildBundles [ 'string-mask' ]
341 info install br-masks@0.4.1
342 info postinstall br-masks@0.4.1
343 verbose unlock done using C:\Users\vinicius\AppData\Roaming\npm-cache\_locks\br-masks-7f71d2353e5075f2.lock for C:\Users\vinicius\Documents\GitHub\EstreMonitoramento\node_modules\angular-br-filters\node_modules\br-masks
344 verbose about to build C:\Users\vinicius\Documents\GitHub\EstreMonitoramento\node_modules\angular-br-filters
345 info build C:\Users\vinicius\Documents\GitHub\EstreMonitoramento\node_modules\angular-br-filters
346 info linkStuff angular-br-filters@0.6.0
347 silly linkStuff angular-br-filters@0.6.0 has C:\Users\vinicius\Documents\GitHub\EstreMonitoramento\node_modules as its parent node_modules
348 verbose linkBins angular-br-filters@0.6.0
349 verbose linkMans angular-br-filters@0.6.0
350 verbose rebuildBundles angular-br-filters@0.6.0
351 verbose rebuildBundles [ 'br-masks' ]
352 info install angular-br-filters@0.6.0
353 info postinstall angular-br-filters@0.6.0
354 verbose unsafe-perm in lifecycle true
355 info angular-br-filters@0.6.0 Failed to exec postinstall script
356 verbose unlock done using C:\Users\vinicius\AppData\Roaming\npm-cache\_locks\angular-br-filters-155210c528bfa0d6.lock for C:\Users\vinicius\Documents\GitHub\EstreMonitoramento\node_modules\angular-br-filters
357 verbose stack Error: angular-br-filters@0.6.0 postinstall: `bower install`
357 verbose stack Exit status 1
357 verbose stack     at EventEmitter.<anonymous> (C:\nodejs\node_modules\npm\lib\utils\lifecycle.js:217:16)
357 verbose stack     at emitTwo (events.js:87:13)
357 verbose stack     at EventEmitter.emit (events.js:172:7)
357 verbose stack     at ChildProcess.<anonymous> (C:\nodejs\node_modules\npm\lib\utils\spawn.js:24:14)
357 verbose stack     at emitTwo (events.js:87:13)
357 verbose stack     at ChildProcess.emit (events.js:172:7)
357 verbose stack     at maybeClose (internal/child_process.js:827:16)
357 verbose stack     at Process.ChildProcess._handle.onexit (internal/child_process.js:211:5)
358 verbose pkgid angular-br-filters@0.6.0
359 verbose cwd C:\Users\vinicius\Documents\GitHub\EstreMonitoramento
360 error Windows_NT 10.0.10586
361 error argv "C:\\nodejs\\node.exe" "C:\\nodejs\\node_modules\\npm\\bin\\npm-cli.js" "install" "--save" "angular-br-filters"
362 error node v4.4.5
363 error npm  v2.15.5
364 error code ELIFECYCLE
365 error angular-br-filters@0.6.0 postinstall: `bower install`
365 error Exit status 1
366 error Failed at the angular-br-filters@0.6.0 postinstall script 'bower install'.
366 error This is most likely a problem with the angular-br-filters package,
366 error not with npm itself.
366 error Tell the author that this fails on your system:
366 error     bower install
366 error You can get information on how to open an issue for this project with:
366 error     npm bugs angular-br-filters
366 error Or if that isn't available, you can get their info via:
366 error
366 error     npm owner ls angular-br-filters
366 error There is likely additional logging output above.
367 verbose exit [ 1, true ]
368 verbose unbuild node_modules\angular-br-filters
369 info preuninstall angular-br-filters@0.6.0
370 info uninstall angular-br-filters@0.6.0
371 verbose unbuild rmStuff angular-br-filters@0.6.0 from C:\Users\vinicius\Documents\GitHub\EstreMonitoramento\node_modules
372 info postuninstall angular-br-filters@0.6.0
373 silly gentlyRm C:\Users\vinicius\Documents\GitHub\EstreMonitoramento\node_modules\angular-br-filters is being purged from base C:\Users\vinicius\Documents\GitHub\EstreMonitoramento
374 verbose gentlyRm don't care about contents; nuking C:\Users\vinicius\Documents\GitHub\EstreMonitoramento\node_modules\angular-br-filters
375 silly vacuum-fs purging C:\Users\vinicius\Documents\GitHub\EstreMonitoramento\node_modules\angular-br-filters
376 silly vacuum-fs quitting because other entries in C:\Users\vinicius\Documents\GitHub\EstreMonitoramento\node_modules
